# JRE version: OpenJDK Runtime Environment Temurin-17.0.11+9 (17.0.11+9) (build 17.0.11+9)
# Java VM: OpenJDK 64-Bit Server VM Temurin-17.0.11+9 (17.0.11+9, mixed mode, tiered, compressed oops, compressed class ptrs, parallel gc, windows-amd64)
GC Precious Log:
 CPUs: 12 total, 12 available
 Memory: 14020M
 Large Page Support: Disabled
 NUMA Support: Disabled
 Compressed Oops: Enabled (32-bit)
 Alignments: Space 512K, Generation 512K, Heap 2M
 Heap Min Capacity: 100M
 Heap Initial Capacity: 100M
 Heap Max Capacity: 1G
 Pre-touch: Disabled
 Parallel Workers: 10
Heap:
 PSYoungGen      total 7680K, used 4012K [0x00000000eab00000, 0x00000000eb600000, 0x0000000100000000)
  eden space 4096K, 33% used [0x00000000eab00000,0x00000000eac57140,0x00000000eaf00000)
  from space 3584K, 73% used [0x00000000eaf00000,0x00000000eb194020,0x00000000eb280000)
  to   space 3072K, 0% used [0x00000000eb300000,0x00000000eb300000,0x00000000eb600000)
 ParOldGen       total 289792K, used 273034K [0x00000000c0000000, 0x00000000d1b00000, 0x00000000eab00000)
  object space 289792K, 94% used [0x00000000c0000000,0x00000000d0aa29e0,0x00000000d1b00000)
 Metaspace       used 80093K, committed 81664K, reserved 1179648K
  class space    used 8348K, committed 9024K, reserved 1048576K
GC Heap History (20 events):
Event: 223.815 GC heap before
{Heap before GC invocations=776 (full 25):
 PSYoungGen      total 2560K, used 1088K [0x00000000eab00000, 0x00000000eaf00000, 0x0000000100000000)
  eden space 512K, 100% used [0x00000000eab00000,0x00000000eab80000,0x00000000eab80000)
  from space 2048K, 28% used [0x00000000eab80000,0x00000000eac10000,0x00000000ead80000)
  to   space 1536K, 0% used [0x00000000ead80000,0x00000000ead80000,0x00000000eaf00000)
 ParOldGen       total 289792K, used 258862K [0x00000000c0000000, 0x00000000d1b00000, 0x00000000eab00000)
  object space 289792K, 89% used [0x00000000c0000000,0x00000000cfccb9e0,0x00000000d1b00000)
 Metaspace       used 80085K, committed 81664K, reserved 1179648K
  class space    used 8348K, committed 9024K, reserved 1048576K
}
Event: 223.819 GC heap after
{Heap after GC invocations=776 (full 25):
 PSYoungGen      total 2048K, used 608K [0x00000000eab00000, 0x00000000eae80000, 0x0000000100000000)
  eden space 1024K, 0% used [0x00000000eab00000,0x00000000eab00000,0x00000000eac00000)
  from space 1024K, 59% used [0x00000000ead80000,0x00000000eae18000,0x00000000eae80000)
  to   space 1024K, 0% used [0x00000000eac80000,0x00000000eac80000,0x00000000ead80000)
 ParOldGen       total 289792K, used 259390K [0x00000000c0000000, 0x00000000d1b00000, 0x00000000eab00000)
  object space 289792K, 89% used [0x00000000c0000000,0x00000000cfd4f9e0,0x00000000d1b00000)
 Metaspace       used 80085K, committed 81664K, reserved 1179648K
  class space    used 8348K, committed 9024K, reserved 1048576K
}
Event: 223.824 GC heap before
{Heap before GC invocations=777 (full 25):
 PSYoungGen      total 2048K, used 1632K [0x00000000eab00000, 0x00000000eae80000, 0x0000000100000000)
  eden space 1024K, 100% used [0x00000000eab00000,0x00000000eac00000,0x00000000eac00000)
  from space 1024K, 59% used [0x00000000ead80000,0x00000000eae18000,0x00000000eae80000)
  to   space 1024K, 0% used [0x00000000eac80000,0x00000000eac80000,0x00000000ead80000)
 ParOldGen       total 289792K, used 259390K [0x00000000c0000000, 0x00000000d1b00000, 0x00000000eab00000)
  object space 289792K, 89% used [0x00000000c0000000,0x00000000cfd4f9e0,0x00000000d1b00000)
 Metaspace       used 80085K, committed 81664K, reserved 1179648K
  class space    used 8348K, committed 9024K, reserved 1048576K
}
Event: 223.829 GC heap after
{Heap after GC invocations=777 (full 25):
 PSYoungGen      total 2560K, used 1024K [0x00000000eab00000, 0x00000000eb080000, 0x0000000100000000)
  eden space 1536K, 0% used [0x00000000eab00000,0x00000000eab00000,0x00000000eac80000)
  from space 1024K, 100% used [0x00000000eac80000,0x00000000ead80000,0x00000000ead80000)
  to   space 2048K, 0% used [0x00000000eae80000,0x00000000eae80000,0x00000000eb080000)
 ParOldGen       total 289792K, used 259950K [0x00000000c0000000, 0x00000000d1b00000, 0x00000000eab00000)
  object space 289792K, 89% used [0x00000000c0000000,0x00000000cfddb9e0,0x00000000d1b00000)
 Metaspace       used 80085K, committed 81664K, reserved 1179648K
  class space    used 8348K, committed 9024K, reserved 1048576K
}
Event: 223.834 GC heap before
{Heap before GC invocations=778 (full 25):
 PSYoungGen      total 2560K, used 2560K [0x00000000eab00000, 0x00000000eb080000, 0x0000000100000000)
  eden space 1536K, 100% used [0x00000000eab00000,0x00000000eac80000,0x00000000eac80000)
  from space 1024K, 100% used [0x00000000eac80000,0x00000000ead80000,0x00000000ead80000)
  to   space 2048K, 0% used [0x00000000eae80000,0x00000000eae80000,0x00000000eb080000)
 ParOldGen       total 289792K, used 259950K [0x00000000c0000000, 0x00000000d1b00000, 0x00000000eab00000)
  object space 289792K, 89% used [0x00000000c0000000,0x00000000cfddb9e0,0x00000000d1b00000)
 Metaspace       used 80085K, committed 81664K, reserved 1179648K
  class space    used 8348K, committed 9024K, reserved 1048576K
}
Event: 223.845 GC heap after
{Heap after GC invocations=778 (full 25):
 PSYoungGen      total 3584K, used 1728K [0x00000000eab00000, 0x00000000eb100000, 0x0000000100000000)
  eden space 1536K, 0% used [0x00000000eab00000,0x00000000eab00000,0x00000000eac80000)
  from space 2048K, 84% used [0x00000000eae80000,0x00000000eb030000,0x00000000eb080000)
  to   space 2048K, 0% used [0x00000000eac80000,0x00000000eac80000,0x00000000eae80000)
 ParOldGen       total 289792K, used 260974K [0x00000000c0000000, 0x00000000d1b00000, 0x00000000eab00000)
  object space 289792K, 90% used [0x00000000c0000000,0x00000000cfedb9e0,0x00000000d1b00000)
 Metaspace       used 80085K, committed 81664K, reserved 1179648K
  class space    used 8348K, committed 9024K, reserved 1048576K
}
Event: 223.852 GC heap before
{Heap before GC invocations=779 (full 25):
 PSYoungGen      total 3584K, used 3264K [0x00000000eab00000, 0x00000000eb100000, 0x0000000100000000)
  eden space 1536K, 100% used [0x00000000eab00000,0x00000000eac80000,0x00000000eac80000)
  from space 2048K, 84% used [0x00000000eae80000,0x00000000eb030000,0x00000000eb080000)
  to   space 2048K, 0% used [0x00000000eac80000,0x00000000eac80000,0x00000000eae80000)
 ParOldGen       total 289792K, used 260974K [0x00000000c0000000, 0x00000000d1b00000, 0x00000000eab00000)
  object space 289792K, 90% used [0x00000000c0000000,0x00000000cfedb9e0,0x00000000d1b00000)
 Metaspace       used 80085K, committed 81664K, reserved 1179648K
  class space    used 8348K, committed 9024K, reserved 1048576K
}
Event: 223.872 GC heap after
{Heap after GC invocations=779 (full 25):
 PSYoungGen      total 3584K, used 1696K [0x00000000eab00000, 0x00000000eb100000, 0x0000000100000000)
  eden space 1536K, 0% used [0x00000000eab00000,0x00000000eab00000,0x00000000eac80000)
  from space 2048K, 82% used [0x00000000eac80000,0x00000000eae28000,0x00000000eae80000)
  to   space 2048K, 0% used [0x00000000eaf00000,0x00000000eaf00000,0x00000000eb100000)
 ParOldGen       total 289792K, used 262526K [0x00000000c0000000, 0x00000000d1b00000, 0x00000000eab00000)
  object space 289792K, 90% used [0x00000000c0000000,0x00000000d005f9e0,0x00000000d1b00000)
 Metaspace       used 80085K, committed 81664K, reserved 1179648K
  class space    used 8348K, committed 9024K, reserved 1048576K
}
Event: 223.878 GC heap before
{Heap before GC invocations=780 (full 25):
 PSYoungGen      total 3584K, used 3231K [0x00000000eab00000, 0x00000000eb100000, 0x0000000100000000)
  eden space 1536K, 99% used [0x00000000eab00000,0x00000000eac7ffd0,0x00000000eac80000)
  from space 2048K, 82% used [0x00000000eac80000,0x00000000eae28000,0x00000000eae80000)
  to   space 2048K, 0% used [0x00000000eaf00000,0x00000000eaf00000,0x00000000eb100000)
 ParOldGen       total 289792K, used 262526K [0x00000000c0000000, 0x00000000d1b00000, 0x00000000eab00000)
  object space 289792K, 90% used [0x00000000c0000000,0x00000000d005f9e0,0x00000000d1b00000)
 Metaspace       used 80085K, committed 81664K, reserved 1179648K
  class space    used 8348K, committed 9024K, reserved 1048576K
}
Event: 223.888 GC heap after
{Heap after GC invocations=780 (full 25):
 PSYoungGen      total 4096K, used 1600K [0x00000000eab00000, 0x00000000eb100000, 0x0000000100000000)
  eden space 2048K, 0% used [0x00000000eab00000,0x00000000eab00000,0x00000000ead00000)
  from space 2048K, 78% used [0x00000000eaf00000,0x00000000eb090000,0x00000000eb100000)
  to   space 2048K, 0% used [0x00000000ead00000,0x00000000ead00000,0x00000000eaf00000)
 ParOldGen       total 289792K, used 264086K [0x00000000c0000000, 0x00000000d1b00000, 0x00000000eab00000)
  object space 289792K, 91% used [0x00000000c0000000,0x00000000d01e59e0,0x00000000d1b00000)
 Metaspace       used 80085K, committed 81664K, reserved 1179648K
  class space    used 8348K, committed 9024K, reserved 1048576K
}
Event: 223.897 GC heap before
{Heap before GC invocations=781 (full 25):
 PSYoungGen      total 4096K, used 3648K [0x00000000eab00000, 0x00000000eb100000, 0x0000000100000000)
  eden space 2048K, 100% used [0x00000000eab00000,0x00000000ead00000,0x00000000ead00000)
  from space 2048K, 78% used [0x00000000eaf00000,0x00000000eb090000,0x00000000eb100000)
  to   space 2048K, 0% used [0x00000000ead00000,0x00000000ead00000,0x00000000eaf00000)
 ParOldGen       total 289792K, used 264086K [0x00000000c0000000, 0x00000000d1b00000, 0x00000000eab00000)
  object space 289792K, 91% used [0x00000000c0000000,0x00000000d01e59e0,0x00000000d1b00000)
 Metaspace       used 80088K, committed 81664K, reserved 1179648K
  class space    used 8348K, committed 9024K, reserved 1048576K
}
Event: 223.904 GC heap after
{Heap after GC invocations=781 (full 25):
 PSYoungGen      total 4096K, used 2016K [0x00000000eab00000, 0x00000000eb280000, 0x0000000100000000)
  eden space 2048K, 0% used [0x00000000eab00000,0x00000000eab00000,0x00000000ead00000)
  from space 2048K, 98% used [0x00000000ead00000,0x00000000eaef8000,0x00000000eaf00000)
  to   space 2560K, 0% used [0x00000000eb000000,0x00000000eb000000,0x00000000eb280000)
 ParOldGen       total 289792K, used 265598K [0x00000000c0000000, 0x00000000d1b00000, 0x00000000eab00000)
  object space 289792K, 91% used [0x00000000c0000000,0x00000000d035f9e0,0x00000000d1b00000)
 Metaspace       used 80088K, committed 81664K, reserved 1179648K
  class space    used 8348K, committed 9024K, reserved 1048576K
}
Event: 223.910 GC heap before
{Heap before GC invocations=782 (full 25):
 PSYoungGen      total 4096K, used 4064K [0x00000000eab00000, 0x00000000eb280000, 0x0000000100000000)
  eden space 2048K, 100% used [0x00000000eab00000,0x00000000ead00000,0x00000000ead00000)
  from space 2048K, 98% used [0x00000000ead00000,0x00000000eaef8000,0x00000000eaf00000)
  to   space 2560K, 0% used [0x00000000eb000000,0x00000000eb000000,0x00000000eb280000)
 ParOldGen       total 289792K, used 265598K [0x00000000c0000000, 0x00000000d1b00000, 0x00000000eab00000)
  object space 289792K, 91% used [0x00000000c0000000,0x00000000d035f9e0,0x00000000d1b00000)
 Metaspace       used 80089K, committed 81664K, reserved 1179648K
  class space    used 8348K, committed 9024K, reserved 1048576K
}
Event: 223.918 GC heap after
{Heap after GC invocations=782 (full 25):
 PSYoungGen      total 4608K, used 1920K [0x00000000eab00000, 0x00000000eb200000, 0x0000000100000000)
  eden space 2560K, 0% used [0x00000000eab00000,0x00000000eab00000,0x00000000ead80000)
  from space 2048K, 93% used [0x00000000eb000000,0x00000000eb1e0000,0x00000000eb200000)
  to   space 2048K, 0% used [0x00000000eae00000,0x00000000eae00000,0x00000000eb000000)
 ParOldGen       total 289792K, used 267510K [0x00000000c0000000, 0x00000000d1b00000, 0x00000000eab00000)
  object space 289792K, 92% used [0x00000000c0000000,0x00000000d053d9e0,0x00000000d1b00000)
 Metaspace       used 80089K, committed 81664K, reserved 1179648K
  class space    used 8348K, committed 9024K, reserved 1048576K
}
Event: 223.936 GC heap before
{Heap before GC invocations=783 (full 25):
 PSYoungGen      total 4608K, used 4216K [0x00000000eab00000, 0x00000000eb200000, 0x0000000100000000)
  eden space 2560K, 89% used [0x00000000eab00000,0x00000000ead3e158,0x00000000ead80000)
  from space 2048K, 93% used [0x00000000eb000000,0x00000000eb1e0000,0x00000000eb200000)
  to   space 2048K, 0% used [0x00000000eae00000,0x00000000eae00000,0x00000000eb000000)
 ParOldGen       total 289792K, used 267510K [0x00000000c0000000, 0x00000000d1b00000, 0x00000000eab00000)
  object space 289792K, 92% used [0x00000000c0000000,0x00000000d053d9e0,0x00000000d1b00000)
 Metaspace       used 80091K, committed 81664K, reserved 1179648K
  class space    used 8348K, committed 9024K, reserved 1048576K
}
Event: 223.942 GC heap after
{Heap after GC invocations=783 (full 25):
 PSYoungGen      total 5120K, used 2021K [0x00000000eab00000, 0x00000000eb700000, 0x0000000100000000)
  eden space 3072K, 0% used [0x00000000eab00000,0x00000000eab00000,0x00000000eae00000)
  from space 2048K, 98% used [0x00000000eae00000,0x00000000eaff9400,0x00000000eb000000)
  to   space 4608K, 0% used [0x00000000eb280000,0x00000000eb280000,0x00000000eb700000)
 ParOldGen       total 289792K, used 269342K [0x00000000c0000000, 0x00000000d1b00000, 0x00000000eab00000)
  object space 289792K, 92% used [0x00000000c0000000,0x00000000d07079e0,0x00000000d1b00000)
 Metaspace       used 80091K, committed 81664K, reserved 1179648K
  class space    used 8348K, committed 9024K, reserved 1048576K
}
Event: 223.962 GC heap before
{Heap before GC invocations=784 (full 25):
 PSYoungGen      total 5120K, used 5090K [0x00000000eab00000, 0x00000000eb700000, 0x0000000100000000)
  eden space 3072K, 99% used [0x00000000eab00000,0x00000000eadff598,0x00000000eae00000)
  from space 2048K, 98% used [0x00000000eae00000,0x00000000eaff9400,0x00000000eb000000)
  to   space 4608K, 0% used [0x00000000eb280000,0x00000000eb280000,0x00000000eb700000)
 ParOldGen       total 289792K, used 269342K [0x00000000c0000000, 0x00000000d1b00000, 0x00000000eab00000)
  object space 289792K, 92% used [0x00000000c0000000,0x00000000d07079e0,0x00000000d1b00000)
 Metaspace       used 80091K, committed 81664K, reserved 1179648K
  class space    used 8348K, committed 9024K, reserved 1048576K
}
Event: 223.969 GC heap after
{Heap after GC invocations=784 (full 25):
 PSYoungGen      total 7680K, used 3006K [0x00000000eab00000, 0x00000000eb600000, 0x0000000100000000)
  eden space 4096K, 0% used [0x00000000eab00000,0x00000000eab00000,0x00000000eaf00000)
  from space 3584K, 83% used [0x00000000eb280000,0x00000000eb56f800,0x00000000eb600000)
  to   space 3584K, 0% used [0x00000000eaf00000,0x00000000eaf00000,0x00000000eb280000)
 ParOldGen       total 289792K, used 270910K [0x00000000c0000000, 0x00000000d1b00000, 0x00000000eab00000)
  object space 289792K, 93% used [0x00000000c0000000,0x00000000d088f9e0,0x00000000d1b00000)
 Metaspace       used 80091K, committed 81664K, reserved 1179648K
  class space    used 8348K, committed 9024K, reserved 1048576K
}
Event: 224.080 GC heap before
{Heap before GC invocations=785 (full 25):
 PSYoungGen      total 7680K, used 7021K [0x00000000eab00000, 0x00000000eb600000, 0x0000000100000000)
  eden space 4096K, 98% used [0x00000000eab00000,0x00000000eaeebe10,0x00000000eaf00000)
  from space 3584K, 83% used [0x00000000eb280000,0x00000000eb56f800,0x00000000eb600000)
  to   space 3584K, 0% used [0x00000000eaf00000,0x00000000eaf00000,0x00000000eb280000)
 ParOldGen       total 289792K, used 270910K [0x00000000c0000000, 0x00000000d1b00000, 0x00000000eab00000)
  object space 289792K, 93% used [0x00000000c0000000,0x00000000d088f9e0,0x00000000d1b00000)
 Metaspace       used 80093K, committed 81664K, reserved 1179648K
  class space    used 8348K, committed 9024K, reserved 1048576K
}
Event: 224.089 GC heap after
{Heap after GC invocations=785 (full 25):
 PSYoungGen      total 7680K, used 2640K [0x00000000eab00000, 0x00000000eb600000, 0x0000000100000000)
  eden space 4096K, 0% used [0x00000000eab00000,0x00000000eab00000,0x00000000eaf00000)
  from space 3584K, 73% used [0x00000000eaf00000,0x00000000eb194020,0x00000000eb280000)
  to   space 3072K, 0% used [0x00000000eb300000,0x00000000eb300000,0x00000000eb600000)
 ParOldGen       total 289792K, used 273034K [0x00000000c0000000, 0x00000000d1b00000, 0x00000000eab00000)
  object space 289792K, 94% used [0x00000000c0000000,0x00000000d0aa29e0,0x00000000d1b00000)
 Metaspace       used 80093K, committed 81664K, reserved 1179648K
  class space    used 8348K, committed 9024K, reserved 1048576K
}

